<?xml version="1.0" encoding="UTF-8"?>
<!-- Generated by org.testng.reporters.JUnitReportReporter -->
<testsuite skipped="0" hostname="Kanna" name="tests.FlightsTests" tests="1" failures="0" timestamp="15 Jul 2019 03:35:22 GMT" time="32.696" errors="0">
  <testcase name="testFlight" time="32.696" classname="tests.FlightsTests"/>
</testsuite> <!-- tests.FlightsTests -->
